{
  "RSpec": {
    "coverage": {
      "/Users/Joey/dev/immersive/projects/hava-amina/spec/controllers/omniauth_callbacks_controller_spec.rb": [
        1,
        null,
        1,
        null,
        null
      ],
      "/Users/Joey/dev/immersive/projects/hava-amina/spec/rails_helper.rb": [
        null,
        1,
        1,
        null,
        1,
        1,
        1,
        null,
        null,
        null,
        null,
        null,
        null,
        null,
        null,
        null,
        null,
        null,
        null,
        null,
        null,
        null,
        null,
        null,
        null,
        null,
        1,
        null,
        1,
        null,
        1,
        null,
        null,
        null,
        null,
        1,
        null,
        null,
        null,
        null,
        null,
        null,
        null,
        null,
        null,
        null,
        null,
        null,
        null,
        null,
        1,
        null,
        null,
        1,
        null,
        null,
        null
      ],
      "/Users/Joey/dev/immersive/projects/hava-amina/config/environment.rb": [
        null,
        1,
        null,
        null,
        1
      ],
      "/Users/Joey/dev/immersive/projects/hava-amina/config/application.rb": [
        1,
        null,
        1,
        null,
        1,
        1,
        1,
        1,
        1,
        1,
        1,
        1,
        null,
        null,
        null,
        null,
        1,
        null,
        1,
        1,
        null,
        1,
        null,
        null,
        null,
        null,
        null,
        null
      ],
      "/Users/Joey/dev/immersive/projects/hava-amina/config/boot.rb": [
        1,
        null,
        1
      ],
      "/Users/Joey/dev/immersive/projects/hava-amina/config/environments/test.rb": [
        1,
        null,
        null,
        null,
        null,
        null,
        null,
        1,
        null,
        null,
        null,
        null,
        1,
        null,
        null,
        1,
        1,
        null,
        null,
        null,
        null,
        1,
        1,
        null,
        null,
        1,
        null,
        null,
        1,
        1,
        null,
        null,
        null,
        null,
        1,
        null,
        null,
        1,
        null,
        null,
        null,
        null
      ],
      "/Users/Joey/dev/immersive/projects/hava-amina/config/initializers/application_controller_renderer.rb": [
        null,
        null,
        null,
        null,
        null,
        null
      ],
      "/Users/Joey/dev/immersive/projects/hava-amina/config/initializers/assets.rb": [
        null,
        null,
        null,
        1,
        null,
        null,
        null,
        null,
        1,
        null,
        null,
        null,
        null,
        null
      ],
      "/Users/Joey/dev/immersive/projects/hava-amina/config/initializers/backtrace_silencers.rb": [
        null,
        null,
        null,
        null,
        null,
        null,
        null
      ],
      "/Users/Joey/dev/immersive/projects/hava-amina/config/initializers/cookies_serializer.rb": [
        null,
        null,
        null,
        null,
        1
      ],
      "/Users/Joey/dev/immersive/projects/hava-amina/config/initializers/devise.rb": [
        null,
        null,
        1,
        null,
        null,
        null,
        null,
        null,
        null,
        null,
        null,
        null,
        null,
        null,
        1,
        null,
        null,
        null,
        null,
        null,
        null,
        null,
        null,
        null,
        null,
        null,
        1,
        null,
        null,
        null,
        null,
        null,
        null,
        null,
        null,
        null,
        null,
        null,
        null,
        null,
        null,
        null,
        null,
        null,
        null,
        null,
        null,
        null,
        1,
        null,
        null,
        null,
        null,
        1,
        null,
        null,
        null,
        null,
        null,
        null,
        null,
        null,
        null,
        null,
        null,
        null,
        null,
        null,
        null,
        null,
        null,
        null,
        null,
        null,
        null,
        null,
        null,
        null,
        null,
        null,
        null,
        null,
        null,
        null,
        1,
        null,
        null,
        null,
        null,
        null,
        null,
        null,
        null,
        null,
        null,
        null,
        null,
        null,
        null,
        null,
        null,
        null,
        null,
        null,
        null,
        null,
        null,
        1,
        null,
        null,
        null,
        null,
        null,
        null,
        null,
        null,
        null,
        null,
        null,
        null,
        null,
        null,
        null,
        null,
        null,
        null,
        null,
        null,
        null,
        null,
        null,
        null,
        null,
        null,
        null,
        null,
        null,
        null,
        1,
        null,
        null,
        null,
        null,
        null,
        null,
        null,
        null,
        null,
        1,
        null,
        null,
        null,
        null,
        null,
        null,
        null,
        null,
        null,
        null,
        1,
        null,
        null,
        null,
        null,
        1,
        null,
        null,
        null,
        null,
        null,
        null,
        null,
        null,
        null,
        null,
        null,
        null,
        null,
        null,
        null,
        null,
        null,
        null,
        null,
        null,
        null,
        null,
        null,
        null,
        null,
        null,
        null,
        null,
        null,
        null,
        null,
        null,
        null,
        null,
        null,
        null,
        null,
        null,
        null,
        null,
        1,
        null,
        null,
        null,
        null,
        null,
        null,
        null,
        null,
        null,
        null,
        null,
        null,
        null,
        null,
        null,
        null,
        null,
        null,
        null,
        null,
        null,
        null,
        null,
        null,
        null,
        null,
        null,
        null,
        null,
        null,
        null,
        null,
        null,
        null,
        null,
        null,
        null,
        null,
        null,
        null,
        null,
        1,
        null,
        null,
        null,
        null,
        null,
        null,
        null,
        null,
        null,
        null,
        null,
        null,
        null,
        null,
        null,
        null,
        null,
        null,
        null,
        null,
        null,
        null,
        null,
        null,
        null,
        null,
        null,
        null,
        null
      ],
      "/Users/Joey/dev/immersive/projects/hava-amina/config/initializers/filter_parameter_logging.rb": [
        null,
        null,
        null,
        1
      ],
      "/Users/Joey/dev/immersive/projects/hava-amina/config/initializers/inflections.rb": [
        null,
        null,
        null,
        null,
        null,
        null,
        null,
        null,
        null,
        null,
        null,
        null,
        null,
        null,
        null,
        null
      ],
      "/Users/Joey/dev/immersive/projects/hava-amina/config/initializers/mime_types.rb": [
        null,
        null,
        null,
        null
      ],
      "/Users/Joey/dev/immersive/projects/hava-amina/config/initializers/wrap_parameters.rb": [
        null,
        null,
        null,
        null,
        null,
        null,
        1,
        2,
        null,
        null,
        null,
        null,
        null,
        null
      ],
      "/Users/Joey/dev/immersive/projects/hava-amina/spec/factories/topics.rb": [
        1,
        1,
        1,
        2,
        null,
        null
      ],
      "/Users/Joey/dev/immersive/projects/hava-amina/spec/factories/users.rb": [
        1,
        1,
        9,
        1,
        null,
        null
      ],
      "/Users/Joey/dev/immersive/projects/hava-amina/config/routes.rb": [
        1,
        1,
        null,
        1,
        null
      ],
      "/Users/Joey/dev/immersive/projects/hava-amina/app/models/user.rb": [
        1,
        null,
        null,
        1,
        null,
        null,
        1,
        1,
        null
      ],
      "/Users/Joey/dev/immersive/projects/hava-amina/app/models/application_record.rb": [
        1,
        1,
        null
      ],
      "/Users/Joey/dev/immersive/projects/hava-amina/app/helpers/application_helper.rb": [
        1,
        null
      ],
      "/Users/Joey/dev/immersive/projects/hava-amina/app/helpers/omniauth_callbacks_helper.rb": [
        1,
        null
      ],
      "/Users/Joey/dev/immersive/projects/hava-amina/app/helpers/sessions_helper.rb": [
        1,
        null
      ],
      "/Users/Joey/dev/immersive/projects/hava-amina/app/helpers/site_helper.rb": [
        1,
        null
      ],
      "/Users/Joey/dev/immersive/projects/hava-amina/app/controllers/omniauth_callbacks_controller.rb": [
        1,
        1,
        null,
        null,
        null,
        null,
        null,
        null,
        null,
        null,
        null,
        null,
        null,
        null,
        null,
        null,
        null
      ],
      "/Users/Joey/dev/immersive/projects/hava-amina/app/controllers/application_controller.rb": [
        1,
        1,
        null
      ],
      "/Users/Joey/dev/immersive/projects/hava-amina/spec/controllers/sessions_controller_spec.rb": [
        1,
        null,
        1,
        null,
        null
      ],
      "/Users/Joey/dev/immersive/projects/hava-amina/app/controllers/sessions_controller.rb": [
        1,
        null
      ],
      "/Users/Joey/dev/immersive/projects/hava-amina/spec/controllers/site_controller_spec.rb": [
        1,
        null,
        1,
        null,
        null
      ],
      "/Users/Joey/dev/immersive/projects/hava-amina/app/controllers/site_controller.rb": [
        1,
        1,
        null,
        null
      ],
      "/Users/Joey/dev/immersive/projects/hava-amina/spec/helpers/omniauth_callbacks_helper_spec.rb": [
        1,
        null,
        null,
        null,
        null,
        null,
        null,
        null,
        null,
        null,
        null,
        null,
        1,
        1,
        null
      ],
      "/Users/Joey/dev/immersive/projects/hava-amina/spec/helpers/sessions_helper_spec.rb": [
        1,
        null,
        null,
        null,
        null,
        null,
        null,
        null,
        null,
        null,
        null,
        null,
        1,
        1,
        null
      ],
      "/Users/Joey/dev/immersive/projects/hava-amina/spec/helpers/site_helper_spec.rb": [
        1,
        null,
        null,
        null,
        null,
        null,
        null,
        null,
        null,
        null,
        null,
        null,
        1,
        1,
        null
      ],
      "/Users/Joey/dev/immersive/projects/hava-amina/spec/models/insight_spec.rb": [
        1,
        null,
        1,
        1,
        1,
        1,
        1,
        1,
        null,
        null,
        1,
        1,
        1,
        1,
        1,
        null,
        null
      ],
      "/Users/Joey/dev/immersive/projects/hava-amina/app/models/insight.rb": [
        1,
        1,
        1,
        null
      ],
      "/Users/Joey/dev/immersive/projects/hava-amina/spec/models/topic_spec.rb": [
        1,
        null,
        1,
        1,
        1,
        1,
        1,
        null,
        null,
        1,
        1,
        1,
        1,
        1,
        null,
        null
      ],
      "/Users/Joey/dev/immersive/projects/hava-amina/app/models/topic.rb": [
        1,
        1,
        1,
        1,
        null
      ],
      "/Users/Joey/dev/immersive/projects/hava-amina/spec/models/user_spec.rb": [
        1,
        null,
        1,
        null,
        1,
        1,
        null,
        null,
        1,
        1,
        1,
        null,
        null,
        null,
        1,
        1,
        1,
        1,
        null,
        null,
        1,
        1,
        1,
        1,
        null,
        null,
        1,
        1,
        1,
        1,
        1,
        null,
        null,
        1,
        1,
        1,
        1,
        null,
        null,
        null
      ]
    },
    "timestamp": 1491419894
  }
}
